[debug] [2022-05-12T10:39:24.171Z] ----------------------------------------------------------------------
[debug] [2022-05-12T10:39:24.172Z] Command:       /home/muhesh/.fnm/node-versions/v16.14.2/installation/bin/node /run/user/1000/fnm_multishells/34650_1652348974653/bin/firebase init
[debug] [2022-05-12T10:39:24.173Z] CLI Version:   10.9.1
[debug] [2022-05-12T10:39:24.173Z] Platform:      linux
[debug] [2022-05-12T10:39:24.173Z] Node Version:  v16.14.2
[debug] [2022-05-12T10:39:24.173Z] Time:          Thu May 12 2022 16:09:24 GMT+0530 (India Standard Time)
[debug] [2022-05-12T10:39:24.174Z] ----------------------------------------------------------------------
[debug] 
[debug] [2022-05-12T10:39:24.178Z] > command requires scopes: ["email","openid","https://www.googleapis.com/auth/cloudplatformprojects.readonly","https://www.googleapis.com/auth/firebase","https://www.googleapis.com/auth/cloud-platform"]
[debug] [2022-05-12T10:39:24.178Z] > authorizing via signed-in user (muhesh4102002@gmail.com)
[info] 
     ######## #### ########  ######## ########     ###     ######  ########
     ##        ##  ##     ## ##       ##     ##  ##   ##  ##       ##
     ######    ##  ########  ######   ########  #########  ######  ######
     ##        ##  ##    ##  ##       ##     ## ##     ##       ## ##
     ##       #### ##     ## ######## ########  ##     ##  ######  ########

You're about to initialize a Firebase project in this directory:

  /home/muhesh/dev/react-todo-app

[info] 
=== Project Setup
[info] 
[info] First, let's associate this project directory with a Firebase project.
[info] You can create multiple project aliases by running firebase use --add, 
[info] but for now we'll just set up a default project.
[info] 
[debug] [2022-05-12T10:39:48.136Z] > refreshing access token with scopes: []
[debug] [2022-05-12T10:39:48.139Z] >>> HTTP REQUEST POST https://www.googleapis.com/oauth2/v3/token  
 <request body omitted>
[debug] [2022-05-12T10:39:48.460Z] <<< HTTP RESPONSE 200 {"date":"Thu, 12 May 2022 10:39:48 GMT","cache-control":"no-cache, no-store, max-age=0, must-revalidate","expires":"Mon, 01 Jan 1990 00:00:00 GMT","pragma":"no-cache","content-type":"application/json; charset=utf-8","vary":"X-Origin, Referer, Origin,Accept-Encoding","server":"scaffolding on HTTPServer2","x-xss-protection":"0","x-frame-options":"SAMEORIGIN","x-content-type-options":"nosniff","alt-svc":"h3=\":443\"; ma=2592000,h3-29=\":443\"; ma=2592000,h3-Q050=\":443\"; ma=2592000,h3-Q046=\":443\"; ma=2592000,h3-Q043=\":443\"; ma=2592000,quic=\":443\"; ma=2592000; v=\"46,43\"","accept-ranges":"none","transfer-encoding":"chunked"}
[debug] [2022-05-12T10:39:48.472Z] >>> [apiv2][query] GET https://firebase.googleapis.com/v1beta1/projects pageSize=100
[debug] [2022-05-12T10:39:49.389Z] <<< [apiv2][status] GET https://firebase.googleapis.com/v1beta1/projects 200
[debug] [2022-05-12T10:39:49.390Z] <<< [apiv2][body] GET https://firebase.googleapis.com/v1beta1/projects [omitted]
[info] i  Using project react-todo-ap-6afab (react-todo-ap) 
[info] 
=== Hosting Setup
[info] 
[info] Your public directory is the folder (relative to your project directory) that
[info] will contain Hosting assets to be uploaded with firebase deploy. If you
[info] have a build process for your assets, use your build's output directory.
[info] 
[debug] [2022-05-12T10:40:25.763Z] >>> [apiv2][query] GET https://www.gstatic.com/firebasejs/releases.json [none]
[debug] [2022-05-12T10:40:26.110Z] <<< [apiv2][status] GET https://www.gstatic.com/firebasejs/releases.json 200
[debug] [2022-05-12T10:40:26.111Z] <<< [apiv2][body] GET https://www.gstatic.com/firebasejs/releases.json {"current":{"version":"9.8.1","browserURL":"https://www.gstatic.com/firebasejs/9.8.1/firebase.js","packageURL":"https://www.gstatic.com/firebasejs/9.8.1/firebase.tgz"},"live":{"version":"9.8","browserURL":"https://www.gstatic.com/firebasejs/live/9.8/firebase.js","packageURL":"https://www.gstatic.com/firebasejs/live/9.8/firebase.tgz"},"components":{"analytics":"https://www.gstatic.com/firebasejs/9.8.1/firebase-analytics.js","app":"https://www.gstatic.com/firebasejs/9.8.1/firebase-app.js","app-check":"https://www.gstatic.com/firebasejs/9.8.1/firebase-app-check.js","auth":"https://www.gstatic.com/firebasejs/9.8.1/firebase-auth.js","auth/cordova":"https://www.gstatic.com/firebasejs/9.8.1/firebase-auth/cordova.js","auth/react-native":"https://www.gstatic.com/firebasejs/9.8.1/firebase-auth/react-native.js","functions":"https://www.gstatic.com/firebasejs/9.8.1/firebase-functions.js","firestore":"https://www.gstatic.com/firebasejs/9.8.1/firebase-firestore.js","firestore/lite":"https://www.gstatic.com/firebasejs/9.8.1/firebase-firestore/lite.js","storage":"https://www.gstatic.com/firebasejs/9.8.1/firebase-storage.js","performance":"https://www.gstatic.com/firebasejs/9.8.1/firebase-performance.js","remote-config":"https://www.gstatic.com/firebasejs/9.8.1/firebase-remote-config.js","messaging":"https://www.gstatic.com/firebasejs/9.8.1/firebase-messaging.js","messaging/sw":"https://www.gstatic.com/firebasejs/9.8.1/firebase-messaging/sw.js","database":"https://www.gstatic.com/firebasejs/9.8.1/firebase-database.js","firestore.memory":"https://www.gstatic.com/firebasejs/9.8.1/firebase-firestore.memory.js"}}
[info] ✔  Wrote build/index.html 
[info] 
[info] i  Detected a .git folder at /home/muhesh/dev/react-todo-app 
[info] i  Authorizing with GitHub to upload your service account to a GitHub repository's secrets store. 
[info] 
[info] Visit this URL on this device to log in:
[info] https://github.com/login/oauth/authorize?client_id=89cf50f02ac6aaed3484&state=959700820&redirect_uri=http%3A%2F%2Flocalhost%3A9005&scope=read%3Auser%20repo%20public_repo
[info] 
[info] Waiting for authentication...
[debug] [2022-05-12T10:40:51.672Z] >>> HTTP REQUEST POST https://github.com/login/oauth/access_token  
 {"client_id":"89cf50f02ac6aaed3484","client_secret":"3330d14abc895d9a74d5f17cd7a00711fa2c5bf0","code":"6c3b40e5715374868734","redirect_uri":"http://localhost:9005","state":"959700820"}
[debug] [2022-05-12T10:40:52.241Z] <<< HTTP RESPONSE 200 {"server":"GitHub.com","date":"Thu, 12 May 2022 10:40:52 GMT","content-type":"application/json; charset=utf-8","transfer-encoding":"chunked","vary":"X-PJAX, X-PJAX-Container, Accept-Encoding, Accept, X-Requested-With","permissions-policy":"interest-cohort=()","etag":"W/\"70e3067265c974af9ee0238ca9eb2af6\"","cache-control":"max-age=0, private, must-revalidate","strict-transport-security":"max-age=31536000; includeSubdomains; preload","x-frame-options":"deny","x-content-type-options":"nosniff","x-xss-protection":"0","referrer-policy":"origin-when-cross-origin, strict-origin-when-cross-origin","expect-ct":"max-age=2592000, report-uri=\"https://api.github.com/_private/browser/errors\"","content-security-policy":"default-src 'none'; base-uri 'self'; block-all-mixed-content; child-src github.com/assets-cdn/worker/ gist.github.com/assets-cdn/worker/; connect-src 'self' uploads.github.com objects-origin.githubusercontent.com www.githubstatus.com collector.github.com raw.githubusercontent.com api.github.com github-cloud.s3.amazonaws.com github-production-repository-file-5c1aeb.s3.amazonaws.com github-production-upload-manifest-file-7fdce7.s3.amazonaws.com github-production-user-asset-6210df.s3.amazonaws.com cdn.optimizely.com logx.optimizely.com/v1/events translator.github.com *.actions.githubusercontent.com wss://*.actions.githubusercontent.com online.visualstudio.com/api/v1/locations github-production-repository-image-32fea6.s3.amazonaws.com github-production-release-asset-2e65be.s3.amazonaws.com insights.github.com wss://alive.github.com; font-src github.githubassets.com; form-action 'self' github.com gist.github.com objects-origin.githubusercontent.com; frame-ancestors 'none'; frame-src render.githubusercontent.com viewscreen.githubusercontent.com notebooks.githubusercontent.com; img-src 'self' data: github.githubassets.com identicons.github.com github-cloud.s3.amazonaws.com secured-user-images.githubusercontent.com/ *.githubusercontent.com; manifest-src 'self'; media-src github.com user-images.githubusercontent.com/; script-src github.githubassets.com; style-src 'unsafe-inline' github.githubassets.com; worker-src github.com/assets-cdn/worker/ gist.github.com/assets-cdn/worker/","x-github-request-id":"A552:109A:1852EF:1D6F63:627CE433"}
[debug] [2022-05-12T10:40:52.250Z] >>> [apiv2][query] GET https://api.github.com/user [none]
[debug] [2022-05-12T10:40:52.767Z] <<< [apiv2][status] GET https://api.github.com/user 200
[debug] [2022-05-12T10:40:52.767Z] <<< [apiv2][body] GET https://api.github.com/user {"login":"muhesh-kumar","id":55415969,"node_id":"MDQ6VXNlcjU1NDE1OTY5","avatar_url":"https://avatars.githubusercontent.com/u/55415969?v=4","gravatar_id":"","url":"https://api.github.com/users/muhesh-kumar","html_url":"https://github.com/muhesh-kumar","followers_url":"https://api.github.com/users/muhesh-kumar/followers","following_url":"https://api.github.com/users/muhesh-kumar/following{/other_user}","gists_url":"https://api.github.com/users/muhesh-kumar/gists{/gist_id}","starred_url":"https://api.github.com/users/muhesh-kumar/starred{/owner}{/repo}","subscriptions_url":"https://api.github.com/users/muhesh-kumar/subscriptions","organizations_url":"https://api.github.com/users/muhesh-kumar/orgs","repos_url":"https://api.github.com/users/muhesh-kumar/repos","events_url":"https://api.github.com/users/muhesh-kumar/events{/privacy}","received_events_url":"https://api.github.com/users/muhesh-kumar/received_events","type":"User","site_admin":false,"name":"Muhesh Kumar ","company":null,"blog":"","location":null,"email":null,"hireable":true,"bio":"Sophomore Computer Science Student","twitter_username":null,"public_repos":20,"public_gists":0,"followers":0,"following":2,"created_at":"2019-09-16T22:47:07Z","updated_at":"2022-05-11T18:17:19Z","private_gists":0,"total_private_repos":30,"owned_private_repos":30,"disk_usage":144474,"collaborators":0,"two_factor_authentication":false,"plan":{"name":"pro","space":976562499,"collaborators":0,"private_repos":9999}}
[info] 
[info] ✔  Success! Logged into GitHub as muhesh-kumar 
[info] 
